XDG_RUNTIME_DIR (/run/user/1000) is not owned by us (uid 0), but by uid 1000! (This could e g happen if you try to connect to a non-root PulseAudio as a root user, over the native protocol. Don't do that.)
LEFT:  0
RIGHT:  0
LEFT:  0
RIGHT:  0
LEFT:  0
RIGHT:  0
LEFT:  0
RIGHT:  0
LEFT:  0
RIGHT:  0
LEFT:  0
RIGHT:  0
LEFT:  0
RIGHT:  0
LEFT:  0
RIGHT:  0
LEFT:  0
RIGHT:  0
LEFT:  0
RIGHT:  0
LEFT:  0
RIGHT:  0
LEFT:  0
RIGHT:  0
LEFT:  0
RIGHT:  0
LEFT:  0
RIGHT:  0
LEFT:  0
RIGHT:  0
LEFT:  0
RIGHT:  0
LEFT:  0
RIGHT:  0
LEFT:  0
RIGHT:  0
LEFT:  0
RIGHT:  0
LEFT:  0
RIGHT:  0
LEFT:  0
RIGHT:  0
LEFT:  0
RIGHT:  0
LEFT:  0
RIGHT:  0
LEFT:  0
RIGHT:  0
LEFT:  0
RIGHT:  0
LEFT:  0
RIGHT:  0
LEFT:  0
RIGHT:  0
LEFT:  0
RIGHT:  0
LEFT:  0
RIGHT:  0
LEFT:  0
RIGHT:  0
LEFT:  0
RIGHT:  0
LEFT:  0
RIGHT:  0
LEFT:  0
RIGHT:  0
LEFT:  0
RIGHT:  0
LEFT:  0
RIGHT:  0
LEFT:  0
RIGHT:  0
LEFT:  0
RIGHT:  0
LEFT:  0
RIGHT:  0
LEFT:  0
RIGHT:  0
LEFT:  0
RIGHT:  0
LEFT:  0
RIGHT:  0
LEFT:  0
RIGHT:  0
LEFT:  0
RIGHT:  0
LEFT:  0
RIGHT:  0
LEFT:  0
RIGHT:  0
LEFT:  0
RIGHT:  0
LEFT:  0
RIGHT:  0
LEFT:  0
RIGHT:  0
LEFT:  0
RIGHT:  0
LEFT:  0
RIGHT:  0
LEFT:  0
RIGHT:  0
LEFT:  0
RIGHT:  0
LEFT:  0
RIGHT:  0
LEFT:  0
RIGHT:  0
LEFT:  0
RIGHT:  0
LEFT:  0
RIGHT:  0
LEFT:  0
RIGHT:  0
LEFT:  0
RIGHT:  0
LEFT:  0
RIGHT:  0
LEFT:  0
RIGHT:  0
LEFT:  0
RIGHT:  0
LEFT:  0
RIGHT:  0
LEFT:  0
RIGHT:  0
LEFT:  0
RIGHT:  0
LEFT:  0
RIGHT:  0
LEFT:  0
RIGHT:  0
LEFT:  0
RIGHT:  0
LEFT:  0
RIGHT:  0
LEFT:  0
RIGHT:  0
LEFT:  0
RIGHT:  0
LEFT:  0
RIGHT:  0
LEFT:  0
RIGHT:  0
LEFT:  0
RIGHT:  0
LEFT:  0
RIGHT:  0
LEFT:  0
RIGHT:  0
LEFT:  0
RIGHT:  0
LEFT:  0
RIGHT:  0
LEFT:  0
RIGHT:  0
LEFT:  0
RIGHT:  0
LEFT:  0
RIGHT:  0
LEFT:  0
RIGHT:  0
LEFT:  0
RIGHT:  0
LEFT:  0
RIGHT:  0
LEFT:  0
RIGHT:  0
LEFT:  0
RIGHT:  0
LEFT:  0
RIGHT:  0
LEFT:  0
RIGHT:  0
LEFT:  0
RIGHT:  0
LEFT:  0
RIGHT:  0
LEFT:  0
RIGHT:  0
LEFT:  0
RIGHT:  0
LEFT:  0
RIGHT:  0
LEFT:  0
RIGHT:  0
LEFT:  0
RIGHT:  0
LEFT:  0
RIGHT:  0
LEFT:  0
RIGHT:  0
LEFT:  0
RIGHT:  0
LEFT:  0
RIGHT:  0
LEFT:  0
RIGHT:  0
LEFT:  0
RIGHT:  0
LEFT:  0
RIGHT:  0
LEFT:  0
RIGHT:  0
LEFT:  0
RIGHT:  0
LEFT:  0
RIGHT:  0
LEFT:  0
RIGHT:  0
LEFT:  0
RIGHT:  0
LEFT:  0
RIGHT:  0
LEFT:  0
RIGHT:  0
LEFT:  0
RIGHT:  0
LEFT:  0
RIGHT:  0
LEFT:  0
RIGHT:  0
LEFT:  0
RIGHT:  0
LEFT:  0
RIGHT:  0
LEFT:  0
RIGHT:  0
LEFT:  0
RIGHT:  0
LEFT:  0
RIGHT:  0
LEFT:  0
RIGHT:  0
LEFT:  0
RIGHT:  0
LEFT:  0
RIGHT:  0
LEFT:  0
RIGHT:  0
LEFT:  0
RIGHT:  0
LEFT:  0
RIGHT:  0
LEFT:  0
RIGHT:  0
LEFT:  0
RIGHT:  0
LEFT:  0
RIGHT:  0
LEFT:  0
RIGHT:  0
LEFT:  0
RIGHT:  0
LEFT:  0
RIGHT:  0
LEFT:  0
RIGHT:  0
LEFT:  0
RIGHT:  0
LEFT:  0
RIGHT:  0
LEFT:  0
RIGHT:  0
LEFT:  0
RIGHT:  0
LEFT:  0
RIGHT:  0
LEFT:  0
RIGHT:  0
LEFT:  0
RIGHT:  0
LEFT:  0
RIGHT:  0
LEFT:  0
RIGHT:  0
LEFT:  0
RIGHT:  0
LEFT:  0
RIGHT:  0
LEFT:  0
RIGHT:  0
LEFT:  0
RIGHT:  0
LEFT:  0
RIGHT:  0
LEFT:  0
RIGHT:  0
LEFT:  0
RIGHT:  0
LEFT:  0
RIGHT:  0
LEFT:  0
RIGHT:  0
LEFT:  0
RIGHT:  0
LEFT:  0
RIGHT:  0
LEFT:  0
RIGHT:  0
LEFT:  0
RIGHT:  0
LEFT:  0
RIGHT:  0
LEFT:  0
RIGHT:  0
LEFT:  0
RIGHT:  0
LEFT:  0
RIGHT:  0
LEFT:  0
RIGHT:  0
LEFT:  0
RIGHT:  0
LEFT:  0
RIGHT:  0
LEFT:  0
RIGHT:  0
LEFT:  0
RIGHT:  0
LEFT:  0
RIGHT:  0
LEFT:  0
RIGHT:  0
LEFT:  0
RIGHT:  0
LEFT:  0
RIGHT:  0
LEFT:  0
RIGHT:  0
LEFT:  0
RIGHT:  0
LEFT:  0
RIGHT:  0
LEFT:  0
RIGHT:  0
LEFT:  0
RIGHT:  0
LEFT:  0
RIGHT:  0
LEFT:  0
RIGHT:  0
LEFT:  0
RIGHT:  0
LEFT:  0
RIGHT:  0
LEFT:  0
RIGHT:  0
LEFT:  0
RIGHT:  0
LEFT:  0
RIGHT:  0
LEFT:  0
RIGHT:  0
LEFT:  0
RIGHT:  0
LEFT:  0
RIGHT:  0
LEFT:  0
RIGHT:  0
LEFT:  0
RIGHT:  0
LEFT:  0
RIGHT:  0
LEFT:  0
RIGHT:  0
LEFT:  0
RIGHT:  0
LEFT:  0
RIGHT:  0
LEFT:  0
RIGHT:  0
LEFT:  0
RIGHT:  0
LEFT:  0
RIGHT:  0
LEFT:  0
RIGHT:  0
LEFT:  0
RIGHT:  0
LEFT:  0
RIGHT:  0
LEFT:  0
RIGHT:  0
LEFT:  0
RIGHT:  0
LEFT:  0
RIGHT:  0
LEFT:  0
RIGHT:  0
LEFT:  0
RIGHT:  0
LEFT:  0
RIGHT:  0
LEFT:  0
RIGHT:  0
LEFT:  0
RIGHT:  0
LEFT:  0
RIGHT:  0
LEFT:  0
RIGHT:  0
LEFT:  0
RIGHT:  0
LEFT:  0
RIGHT:  0
LEFT:  0
RIGHT:  0
LEFT:  0
RIGHT:  0
LEFT:  0
RIGHT:  0
LEFT:  0
RIGHT:  0
LEFT:  0
RIGHT:  0
LEFT:  0
RIGHT:  0
LEFT:  0
RIGHT:  0
LEFT:  0
RIGHT:  0
LEFT:  0
RIGHT:  0
LEFT:  0
RIGHT:  0
LEFT:  0
RIGHT:  0
LEFT:  0
RIGHT:  0
LEFT:  0
RIGHT:  0
LEFT:  0
RIGHT:  0
LEFT:  0
RIGHT:  0
LEFT:  0
RIGHT:  0
LEFT:  0
RIGHT:  0
LEFT:  0
RIGHT:  0
LEFT:  0
RIGHT:  0
LEFT:  0
RIGHT:  0
LEFT:  0
RIGHT:  0
LEFT:  0
RIGHT:  0
LEFT:  0
RIGHT:  0
LEFT:  0
RIGHT:  0
LEFT:  0
RIGHT:  0
LEFT:  0
RIGHT:  0
LEFT:  0
RIGHT:  0
LEFT:  0
RIGHT:  0
LEFT:  0
RIGHT:  0
LEFT:  0
RIGHT:  0
LEFT:  0
RIGHT:  0
LEFT:  0
RIGHT:  0
LEFT:  0
RIGHT:  0
LEFT:  0
RIGHT:  0
LEFT:  0
RIGHT:  0
LEFT:  0
RIGHT:  0
LEFT:  0
RIGHT:  0
LEFT:  0
RIGHT:  0
LEFT:  0
RIGHT:  0
LEFT:  0
RIGHT:  0
LEFT:  0
RIGHT:  0
LEFT:  0
RIGHT:  0
LEFT:  0
RIGHT:  0
LEFT:  0
RIGHT:  0
LEFT:  0
RIGHT:  0
LEFT:  0
RIGHT:  0
LEFT:  0
RIGHT:  0
LEFT:  0
RIGHT:  0
LEFT:  0
RIGHT:  0
LEFT:  0
RIGHT:  0
LEFT:  0
RIGHT:  0
LEFT:  0
RIGHT:  0
LEFT:  0
RIGHT:  0
LEFT:  0
RIGHT:  0
LEFT:  0
RIGHT:  0
LEFT:  0
RIGHT:  0
LEFT:  0
RIGHT:  0
LEFT:  0
RIGHT:  0
LEFT:  0
RIGHT:  0
LEFT:  0
RIGHT:  0
LEFT:  49
RIGHT:  49
LEFT:  52
RIGHT:  52
LEFT:  52
RIGHT:  52
LEFT:  70
RIGHT:  70
LEFT:  72
RIGHT:  72
LEFT:  72
RIGHT:  72
LEFT:  72
RIGHT:  72
LEFT:  85
RIGHT:  85
LEFT:  85
RIGHT:  85
LEFT:  85
RIGHT:  85
LEFT:  48
RIGHT:  52
LEFT:  45
RIGHT:  49
LEFT:  45
RIGHT:  49
LEFT:  45
RIGHT:  49
LEFT:  0
RIGHT:  0
LEFT:  0
RIGHT:  0
LEFT:  0
RIGHT:  0
LEFT:  0
RIGHT:  0
LEFT:  0
RIGHT:  0
LEFT:  0
RIGHT:  0
LEFT:  0
RIGHT:  0
LEFT:  0
RIGHT:  0
LEFT:  0
RIGHT:  0
LEFT:  0
RIGHT:  0
LEFT:  0
RIGHT:  0
LEFT:  0
RIGHT:  0
LEFT:  0
RIGHT:  0
LEFT:  0
RIGHT:  0
LEFT:  0
RIGHT:  0
LEFT:  0
RIGHT:  0
LEFT:  0
RIGHT:  0
LEFT:  0
RIGHT:  0
LEFT:  0
RIGHT:  0
LEFT:  0
RIGHT:  0
LEFT:  0
RIGHT:  0
LEFT:  0
RIGHT:  0
LEFT:  0
RIGHT:  0
LEFT:  0
RIGHT:  0
LEFT:  0
RIGHT:  0
LEFT:  0
RIGHT:  0
LEFT:  0
RIGHT:  0
LEFT:  0
RIGHT:  0
LEFT:  0
RIGHT:  0
LEFT:  0
RIGHT:  0
LEFT:  0
RIGHT:  0
LEFT:  0
RIGHT:  0
LEFT:  0
RIGHT:  0
LEFT:  0
RIGHT:  0
LEFT:  0
RIGHT:  0
LEFT:  0
RIGHT:  0
LEFT:  0
RIGHT:  0
LEFT:  0
RIGHT:  0
LEFT:  0
RIGHT:  0
LEFT:  0
RIGHT:  0
LEFT:  0
RIGHT:  0
LEFT:  0
RIGHT:  0
LEFT:  0
RIGHT:  0
LEFT:  0
RIGHT:  0
LEFT:  0
RIGHT:  0
LEFT:  0
RIGHT:  0
LEFT:  0
RIGHT:  0
LEFT:  0
RIGHT:  0
LEFT:  0
RIGHT:  0
LEFT:  0
RIGHT:  0
LEFT:  0
RIGHT:  0
LEFT:  0
RIGHT:  0
LEFT:  0
RIGHT:  0
LEFT:  0
RIGHT:  0
LEFT:  0
RIGHT:  0
LEFT:  0
RIGHT:  0
LEFT:  0
RIGHT:  0
LEFT:  0
RIGHT:  0
LEFT:  0
RIGHT:  0
LEFT:  0
RIGHT:  0
LEFT:  0
RIGHT:  0
LEFT:  0
RIGHT:  0
LEFT:  0
RIGHT:  0
LEFT:  0
RIGHT:  0
LEFT:  0
RIGHT:  0
LEFT:  0
RIGHT:  0
LEFT:  0
RIGHT:  0
LEFT:  0
RIGHT:  0
LEFT:  0
RIGHT:  0
LEFT:  0
RIGHT:  0
LEFT:  0
RIGHT:  0
LEFT:  0
RIGHT:  0
LEFT:  0
RIGHT:  0
LEFT:  0
RIGHT:  0
LEFT:  0
RIGHT:  0
LEFT:  0
RIGHT:  0
LEFT:  0
RIGHT:  0
LEFT:  0
RIGHT:  0
LEFT:  0
RIGHT:  0
LEFT:  0
RIGHT:  0
LEFT:  0
RIGHT:  0
LEFT:  0
RIGHT:  0
LEFT:  0
RIGHT:  0
LEFT:  0
RIGHT:  0
LEFT:  0
RIGHT:  0
LEFT:  0
RIGHT:  0
LEFT:  0
RIGHT:  0
LEFT:  0
RIGHT:  0
LEFT:  0
RIGHT:  0
LEFT:  0
RIGHT:  0
LEFT:  0
RIGHT:  0
LEFT:  0
RIGHT:  0
LEFT:  0
RIGHT:  0
LEFT:  0
RIGHT:  0
LEFT:  0
RIGHT:  0
LEFT:  0
RIGHT:  0
LEFT:  0
RIGHT:  0
LEFT:  0
RIGHT:  0
LEFT:  0
RIGHT:  0
LEFT:  0
RIGHT:  0
LEFT:  0
RIGHT:  0
LEFT:  0
RIGHT:  0
LEFT:  0
RIGHT:  0
LEFT:  0
RIGHT:  0
LEFT:  0
RIGHT:  0
LEFT:  0
RIGHT:  0
LEFT:  0
RIGHT:  0
LEFT:  0
RIGHT:  0
LEFT:  0
RIGHT:  0
LEFT:  0
RIGHT:  0
LEFT:  0
RIGHT:  0
LEFT:  0
RIGHT:  0
LEFT:  0
RIGHT:  0
LEFT:  0
RIGHT:  0
LEFT:  0
RIGHT:  0
LEFT:  0
RIGHT:  0
LEFT:  0
RIGHT:  0
LEFT:  0
RIGHT:  0
LEFT:  0
RIGHT:  0
LEFT:  0
RIGHT:  0
LEFT:  0
RIGHT:  0
LEFT:  0
RIGHT:  0
LEFT:  0
RIGHT:  0
LEFT:  0
RIGHT:  0
LEFT:  0
RIGHT:  0
LEFT:  0
RIGHT:  0
LEFT:  0
RIGHT:  0
LEFT:  0
RIGHT:  0
LEFT:  0
RIGHT:  0
LEFT:  0
RIGHT:  0
LEFT:  0
RIGHT:  0
LEFT:  0
RIGHT:  0
LEFT:  0
RIGHT:  0
LEFT:  0
RIGHT:  0
LEFT:  0
RIGHT:  0
LEFT:  0
RIGHT:  0
LEFT:  0
RIGHT:  0
LEFT:  0
RIGHT:  0
LEFT:  0
RIGHT:  0
LEFT:  0
RIGHT:  0
LEFT:  0
RIGHT:  0
LEFT:  0
RIGHT:  0
LEFT:  0
RIGHT:  0
LEFT:  0
RIGHT:  0
LEFT:  0
RIGHT:  0
LEFT:  0
RIGHT:  0
LEFT:  0
RIGHT:  0
LEFT:  0
RIGHT:  0
LEFT:  0
RIGHT:  0
LEFT:  0
RIGHT:  0
LEFT:  0
RIGHT:  0
LEFT:  0
RIGHT:  0
LEFT:  0
RIGHT:  0
LEFT:  0
RIGHT:  0
LEFT:  0
RIGHT:  0
LEFT:  0
RIGHT:  0
LEFT:  0
RIGHT:  0
LEFT:  0
RIGHT:  0
LEFT:  0
RIGHT:  0
LEFT:  0
RIGHT:  0
LEFT:  0
RIGHT:  0
LEFT:  0
RIGHT:  0
LEFT:  0
RIGHT:  0
LEFT:  0
RIGHT:  0
LEFT:  0
RIGHT:  0
LEFT:  0
RIGHT:  0
LEFT:  0
RIGHT:  0
LEFT:  0
RIGHT:  0
LEFT:  0
RIGHT:  0
LEFT:  0
RIGHT:  0
LEFT:  0
RIGHT:  0
LEFT:  0
RIGHT:  0
LEFT:  0
RIGHT:  0
LEFT:  0
RIGHT:  0
LEFT:  0
RIGHT:  0
LEFT:  0
RIGHT:  0
LEFT:  0
RIGHT:  0
LEFT:  0
RIGHT:  0
LEFT:  0
RIGHT:  0
LEFT:  0
RIGHT:  0
LEFT:  0
RIGHT:  0
LEFT:  0
RIGHT:  0
LEFT:  0
RIGHT:  0
LEFT:  0
RIGHT:  0
LEFT:  0
RIGHT:  0
LEFT:  0
RIGHT:  0
LEFT:  0
RIGHT:  0
LEFT:  0
RIGHT:  0
LEFT:  0
RIGHT:  0
LEFT:  0
RIGHT:  0
LEFT:  0
RIGHT:  0
LEFT:  0
RIGHT:  0
LEFT:  0
RIGHT:  0
LEFT:  0
RIGHT:  0
LEFT:  0
RIGHT:  0
LEFT:  0
RIGHT:  0
LEFT:  0
RIGHT:  0
LEFT:  0
RIGHT:  0
LEFT:  0
RIGHT:  0
LEFT:  0
RIGHT:  0
LEFT:  0
RIGHT:  0
LEFT:  0
RIGHT:  0
LEFT:  0
RIGHT:  0
LEFT:  0
RIGHT:  0
LEFT:  0
RIGHT:  0
LEFT:  0
RIGHT:  0
LEFT:  0
RIGHT:  0
LEFT:  0
RIGHT:  0
LEFT:  0
RIGHT:  0
LEFT:  0
RIGHT:  0
LEFT:  45
RIGHT:  45
LEFT:  70
RIGHT:  70
LEFT:  68
RIGHT:  68
LEFT:  91
RIGHT:  91
LEFT:  99
RIGHT:  99
LEFT:  99
RIGHT:  99
LEFT:  99
RIGHT:  99
LEFT:  99
RIGHT:  99
LEFT:  99
RIGHT:  99
LEFT:  76
RIGHT:  76
LEFT:  74
RIGHT:  74
LEFT:  74
RIGHT:  74
LEFT:  74
RIGHT:  74
LEFT:  62
RIGHT:  62
LEFT:  62
RIGHT:  62
LEFT:  62
RIGHT:  62
LEFT:  62
RIGHT:  62
LEFT:  62
RIGHT:  62
LEFT:  62
RIGHT:  62
LEFT:  58
RIGHT:  58
LEFT:  58
RIGHT:  58
LEFT:  58
RIGHT:  58
LEFT:  58
RIGHT:  58
LEFT:  29
RIGHT:  29
LEFT:  29
RIGHT:  29
LEFT:  29
RIGHT:  29
LEFT:  19
RIGHT:  19
LEFT:  19
RIGHT:  19
LEFT:  19
RIGHT:  19
LEFT:  16
RIGHT:  16
LEFT:  16
RIGHT:  16
LEFT:  16
RIGHT:  16
LEFT:  16
RIGHT:  16
LEFT:  0
RIGHT:  0
LEFT:  0
RIGHT:  0
LEFT:  0
RIGHT:  0
LEFT:  0
RIGHT:  0
LEFT:  0
RIGHT:  0
LEFT:  0
RIGHT:  0
LEFT:  0
RIGHT:  0
LEFT:  0
RIGHT:  0
LEFT:  0
RIGHT:  0
LEFT:  0
RIGHT:  0
LEFT:  0
RIGHT:  0
LEFT:  0
RIGHT:  0
LEFT:  0
RIGHT:  0
LEFT:  0
RIGHT:  0
LEFT:  0
RIGHT:  0
LEFT:  0
RIGHT:  0
LEFT:  0
RIGHT:  0
LEFT:  0
RIGHT:  0
LEFT:  0
RIGHT:  0
LEFT:  0
RIGHT:  0
LEFT:  0
RIGHT:  0
LEFT:  0
RIGHT:  0
LEFT:  0
RIGHT:  0
LEFT:  0
RIGHT:  0
LEFT:  0
RIGHT:  0
LEFT:  0
RIGHT:  0
LEFT:  25
RIGHT:  25
LEFT:  27
RIGHT:  27
LEFT:  27
RIGHT:  27
LEFT:  27
RIGHT:  27
LEFT:  60
RIGHT:  60
LEFT:  60
RIGHT:  60
LEFT:  60
RIGHT:  60
LEFT:  80
RIGHT:  80
LEFT:  80
RIGHT:  80
LEFT:  80
RIGHT:  80
LEFT:  82
RIGHT:  82
LEFT:  80
RIGHT:  80
LEFT:  80
RIGHT:  80
LEFT:  80
RIGHT:  80
LEFT:  80
RIGHT:  80
LEFT:  80
RIGHT:  80
LEFT:  80
RIGHT:  80
LEFT:  80
RIGHT:  80
LEFT:  80
RIGHT:  80
LEFT:  78
RIGHT:  78
LEFT:  78
RIGHT:  78
LEFT:  78
RIGHT:  78
LEFT:  78
RIGHT:  78
LEFT:  72
RIGHT:  72
LEFT:  72
RIGHT:  72
LEFT:  72
RIGHT:  72
LEFT:  72
RIGHT:  72
LEFT:  72
RIGHT:  72
LEFT:  72
RIGHT:  72
LEFT:  72
RIGHT:  72
LEFT:  72
RIGHT:  72
LEFT:  72
RIGHT:  72
LEFT:  72
RIGHT:  72
LEFT:  72
RIGHT:  72
LEFT:  72
RIGHT:  72
LEFT:  72
RIGHT:  72
LEFT:  72
RIGHT:  72
LEFT:  74
RIGHT:  74
LEFT:  74
RIGHT:  74
LEFT:  74
RIGHT:  74
LEFT:  74
RIGHT:  74
LEFT:  74
RIGHT:  74
LEFT:  74
RIGHT:  74
LEFT:  72
RIGHT:  72
LEFT:  72
RIGHT:  72
LEFT:  72
RIGHT:  72
LEFT:  72
RIGHT:  72
LEFT:  72
RIGHT:  72
LEFT:  72
RIGHT:  72
LEFT:  74
RIGHT:  74
LEFT:  72
RIGHT:  72
LEFT:  72
RIGHT:  72
LEFT:  72
RIGHT:  72
LEFT:  70
RIGHT:  70
LEFT:  70
RIGHT:  70
LEFT:  70
RIGHT:  70
LEFT:  68
RIGHT:  68
LEFT:  68
RIGHT:  68
LEFT:  68
RIGHT:  68
LEFT:  68
RIGHT:  68
LEFT:  66
RIGHT:  66
LEFT:  66
RIGHT:  66
LEFT:  66
RIGHT:  66
LEFT:  68
RIGHT:  68
LEFT:  68
RIGHT:  68
LEFT:  68
RIGHT:  68
LEFT:  60
RIGHT:  60
LEFT:  58
RIGHT:  58
LEFT:  58
RIGHT:  58
LEFT:  58
RIGHT:  58
LEFT:  37
RIGHT:  37
LEFT:  37
RIGHT:  37
LEFT:  37
RIGHT:  37
LEFT:  35
RIGHT:  35
LEFT:  35
RIGHT:  35
LEFT:  35
RIGHT:  35
LEFT:  37
RIGHT:  37
LEFT:  37
RIGHT:  37
LEFT:  33
RIGHT:  33
LEFT:  31
RIGHT:  31
LEFT:  31
RIGHT:  31
LEFT:  31
RIGHT:  31
LEFT:  19
RIGHT:  19
LEFT:  16
RIGHT:  16
LEFT:  16
RIGHT:  16
LEFT:  12
RIGHT:  12
LEFT:  12
RIGHT:  12
LEFT:  12
RIGHT:  12
LEFT:  12
RIGHT:  12
LEFT:  12
RIGHT:  12
LEFT:  12
RIGHT:  12
LEFT:  12
RIGHT:  12
LEFT:  19
RIGHT:  19
LEFT:  19
RIGHT:  19
LEFT:  19
RIGHT:  19
LEFT:  21
RIGHT:  21
LEFT:  19
RIGHT:  19
LEFT:  19
RIGHT:  19
LEFT:  19
RIGHT:  19
LEFT:  21
RIGHT:  21
LEFT:  21
RIGHT:  21
LEFT:  21
RIGHT:  21
LEFT:  19
RIGHT:  19
LEFT:  19
RIGHT:  19
LEFT:  19
RIGHT:  19
LEFT:  21
RIGHT:  21
LEFT:  21
RIGHT:  21
LEFT:  21
RIGHT:  21
LEFT:  21
RIGHT:  21
LEFT:  29
RIGHT:  29
LEFT:  29
RIGHT:  29
LEFT:  29
RIGHT:  29
LEFT:  35
RIGHT:  35
LEFT:  35
RIGHT:  35
LEFT:  35
RIGHT:  35
LEFT:  49
RIGHT:  49
LEFT:  49
RIGHT:  49
LEFT:  49
RIGHT:  49
LEFT:  49
RIGHT:  49
LEFT:  58
RIGHT:  58
LEFT:  58
RIGHT:  58
LEFT:  58
RIGHT:  58
LEFT:  62
RIGHT:  62
LEFT:  62
RIGHT:  62
LEFT:  62
RIGHT:  62
LEFT:  66
RIGHT:  66
LEFT:  68
RIGHT:  68
LEFT:  68
RIGHT:  68
LEFT:  68
RIGHT:  68
LEFT:  72
RIGHT:  72
LEFT:  72
RIGHT:  72
LEFT:  72
RIGHT:  72
LEFT:  74
RIGHT:  74
LEFT:  74
RIGHT:  74
LEFT:  74
RIGHT:  74
LEFT:  74
RIGHT:  74
LEFT:  74
RIGHT:  74
LEFT:  74
RIGHT:  74
LEFT:  74
RIGHT:  74
LEFT:  74
RIGHT:  74
LEFT:  74
RIGHT:  74
LEFT:  74
RIGHT:  74
LEFT:  74
RIGHT:  74
LEFT:  74
RIGHT:  74
LEFT:  74
RIGHT:  74
LEFT:  74
RIGHT:  74
LEFT:  74
RIGHT:  74
LEFT:  74
RIGHT:  74
LEFT:  74
RIGHT:  74
LEFT:  72
RIGHT:  72
LEFT:  72
RIGHT:  72
LEFT:  72
RIGHT:  72
LEFT:  72
RIGHT:  72
LEFT:  72
RIGHT:  72
LEFT:  72
RIGHT:  72
LEFT:  72
RIGHT:  72
LEFT:  72
RIGHT:  72
LEFT:  72
RIGHT:  72
LEFT:  72
RIGHT:  72
LEFT:  72
RIGHT:  72
LEFT:  72
RIGHT:  72
LEFT:  72
RIGHT:  72
LEFT:  72
RIGHT:  72
LEFT:  72
RIGHT:  72
LEFT:  72
RIGHT:  72
LEFT:  72
RIGHT:  72
LEFT:  72
RIGHT:  72
LEFT:  72
RIGHT:  72
LEFT:  72
RIGHT:  72
LEFT:  72
RIGHT:  72
LEFT:  72
RIGHT:  72
LEFT:  72
RIGHT:  72
LEFT:  72
RIGHT:  72
LEFT:  72
RIGHT:  72
LEFT:  72
RIGHT:  72
LEFT:  72
RIGHT:  72
LEFT:  72
RIGHT:  72
LEFT:  72
RIGHT:  72
LEFT:  72
RIGHT:  72
LEFT:  72
RIGHT:  72
LEFT:  72
RIGHT:  72
LEFT:  72
RIGHT:  72
LEFT:  72
RIGHT:  72
LEFT:  72
RIGHT:  72
LEFT:  72
RIGHT:  72
LEFT:  72
RIGHT:  72
LEFT:  72
RIGHT:  72
LEFT:  72
RIGHT:  72
LEFT:  72
RIGHT:  72
LEFT:  72
RIGHT:  72
LEFT:  72
RIGHT:  72
LEFT:  72
RIGHT:  72
LEFT:  72
RIGHT:  72
LEFT:  72
RIGHT:  72
LEFT:  72
RIGHT:  72
LEFT:  66
RIGHT:  66
LEFT:  66
RIGHT:  66
LEFT:  66
RIGHT:  66
LEFT:  58
RIGHT:  60
LEFT:  58
RIGHT:  60
LEFT:  58
RIGHT:  60
LEFT:  51
RIGHT:  54
LEFT:  49
RIGHT:  52
LEFT:  49
RIGHT:  52
LEFT:  49
RIGHT:  52
LEFT:  35
RIGHT:  37
LEFT:  35
RIGHT:  37
LEFT:  35
RIGHT:  37
LEFT:  7
RIGHT:  8
LEFT:  7
RIGHT:  8
LEFT:  2
RIGHT:  2
LEFT:  0
RIGHT:  0
LEFT:  0
RIGHT:  0
LEFT:  0
RIGHT:  0
LEFT:  0
RIGHT:  0
LEFT:  0
RIGHT:  0
LEFT:  0
RIGHT:  0
LEFT:  0
RIGHT:  0
LEFT:  0
RIGHT:  0
LEFT:  0
RIGHT:  0
LEFT:  14
RIGHT:  14
LEFT:  16
RIGHT:  16
LEFT:  16
RIGHT:  16
LEFT:  24
RIGHT:  25
LEFT:  25
RIGHT:  25
LEFT:  25
RIGHT:  25
LEFT:  25
RIGHT:  25
LEFT:  32
RIGHT:  33
LEFT:  32
RIGHT:  33
LEFT:  32
RIGHT:  33
LEFT:  36
RIGHT:  37
LEFT:  37
RIGHT:  37
LEFT:  37
RIGHT:  37
LEFT:  49
RIGHT:  49
LEFT:  49
RIGHT:  49
LEFT:  49
RIGHT:  49
LEFT:  51
RIGHT:  52
LEFT:  67
RIGHT:  68
LEFT:  67
RIGHT:  68
LEFT:  67
RIGHT:  68
LEFT:  78
RIGHT:  78
LEFT:  78
RIGHT:  78
LEFT:  78
RIGHT:  78
LEFT:  91
RIGHT:  91
LEFT:  92
RIGHT:  93
LEFT:  92
RIGHT:  93
LEFT:  98
RIGHT:  101
LEFT:  98
RIGHT:  101
LEFT:  98
RIGHT:  101
LEFT:  98
RIGHT:  101
LEFT:  97
RIGHT:  101
LEFT:  97
RIGHT:  101
LEFT:  97
RIGHT:  101
LEFT:  97
RIGHT:  101
LEFT:  97
RIGHT:  101
LEFT:  97
RIGHT:  101
LEFT:  98
RIGHT:  101
LEFT:  97
RIGHT:  101
LEFT:  97
RIGHT:  101
LEFT:  97
RIGHT:  101
LEFT:  97
RIGHT:  101
LEFT:  97
RIGHT:  101
LEFT:  97
RIGHT:  101
LEFT:  97
RIGHT:  101
LEFT:  95
RIGHT:  99
LEFT:  95
RIGHT:  99
LEFT:  95
RIGHT:  99
LEFT:  97
RIGHT:  101
LEFT:  97
RIGHT:  101
LEFT:  97
RIGHT:  101
LEFT:  97
RIGHT:  101
LEFT:  97
RIGHT:  101
LEFT:  97
RIGHT:  101
LEFT:  98
RIGHT:  101
LEFT:  98
RIGHT:  101
LEFT:  98
RIGHT:  101
LEFT:  97
RIGHT:  101
LEFT:  97
RIGHT:  101
LEFT:  97
RIGHT:  101
LEFT:  98
RIGHT:  101
LEFT:  98
RIGHT:  101
LEFT:  98
RIGHT:  101
LEFT:  95
RIGHT:  99
LEFT:  96
RIGHT:  99
LEFT:  96
RIGHT:  99
LEFT:  97
RIGHT:  101
LEFT:  96
RIGHT:  99
LEFT:  96
RIGHT:  99
LEFT:  96
RIGHT:  99
LEFT:  90
RIGHT:  93
LEFT:  91
RIGHT:  93
LEFT:  91
RIGHT:  93
LEFT:  82
RIGHT:  85
LEFT:  80
RIGHT:  82
LEFT:  80
RIGHT:  82
LEFT:  80
RIGHT:  82
LEFT:  78
RIGHT:  80
LEFT:  78
RIGHT:  80
LEFT:  78
RIGHT:  80
LEFT:  78
RIGHT:  80
LEFT:  80
RIGHT:  82
LEFT:  80
RIGHT:  82
LEFT:  80
RIGHT:  82
LEFT:  90
RIGHT:  93
LEFT:  90
RIGHT:  93
LEFT:  90
RIGHT:  93
LEFT:  103
RIGHT:  107
LEFT:  103
RIGHT:  107
LEFT:  103
RIGHT:  107
LEFT:  104
RIGHT:  109
LEFT:  104
RIGHT:  109
LEFT:  104
RIGHT:  109
LEFT:  103
RIGHT:  109
LEFT:  104
RIGHT:  109
LEFT:  104
RIGHT:  109
LEFT:  104
RIGHT:  109
LEFT:  100
RIGHT:  105
LEFT:  100
RIGHT:  105
LEFT:  100
RIGHT:  105
LEFT:  93
RIGHT:  97
LEFT:  91
RIGHT:  95
LEFT:  91
RIGHT:  95
LEFT:  73
RIGHT:  78
LEFT:  72
RIGHT:  76
LEFT:  72
RIGHT:  76
LEFT:  72
RIGHT:  76
LEFT:  72
RIGHT:  76
LEFT:  66
RIGHT:  70
LEFT:  66
RIGHT:  70
LEFT:  66
RIGHT:  70
LEFT:  47
RIGHT:  49
LEFT:  47
RIGHT:  49
LEFT:  47
RIGHT:  49
LEFT:  47
RIGHT:  49
LEFT:  47
RIGHT:  49
LEFT:  47
RIGHT:  49
LEFT:  47
RIGHT:  49
LEFT:  43
RIGHT:  49
LEFT:  43
RIGHT:  49
LEFT:  43
RIGHT:  49
LEFT:  46
RIGHT:  52
LEFT:  44
RIGHT:  52
LEFT:  44
RIGHT:  52
LEFT:  44
RIGHT:  52
LEFT:  46
RIGHT:  54
LEFT:  46
RIGHT:  54
LEFT:  46
RIGHT:  54
LEFT:  47
RIGHT:  56
LEFT:  50
RIGHT:  58
LEFT:  50
RIGHT:  58
LEFT:  50
RIGHT:  58
LEFT:  58
RIGHT:  68
LEFT:  58
RIGHT:  68
LEFT:  58
RIGHT:  68
LEFT:  60
RIGHT:  70
LEFT:  59
RIGHT:  70
LEFT:  59
RIGHT:  70
LEFT:  64
RIGHT:  74
LEFT:  64
RIGHT:  74
LEFT:  64
RIGHT:  74
LEFT:  64
RIGHT:  74
LEFT:  64
RIGHT:  74
LEFT:  64
RIGHT:  74
LEFT:  64
RIGHT:  74
LEFT:  64
RIGHT:  74
LEFT:  62
RIGHT:  72
LEFT:  62
RIGHT:  72
LEFT:  64
RIGHT:  74
LEFT:  64
RIGHT:  74
LEFT:  64
RIGHT:  74
LEFT:  64
RIGHT:  74
LEFT:  68
RIGHT:  78
LEFT:  68
RIGHT:  78
LEFT:  68
RIGHT:  78
LEFT:  68
RIGHT:  78
LEFT:  68
RIGHT:  78
LEFT:  68
RIGHT:  78
LEFT:  70
RIGHT:  80
LEFT:  70
RIGHT:  80
LEFT:  70
RIGHT:  80
LEFT:  70
RIGHT:  80
LEFT:  81
RIGHT:  93
LEFT:  81
RIGHT:  93
LEFT:  81
RIGHT:  93
LEFT:  97
RIGHT:  109
LEFT:  97
RIGHT:  109
LEFT:  97
RIGHT:  109
LEFT:  103
RIGHT:  115
LEFT:  105
RIGHT:  118
LEFT:  105
RIGHT:  118
LEFT:  105
RIGHT:  118
LEFT:  105
RIGHT:  118
LEFT:  105
RIGHT:  118
LEFT:  105
RIGHT:  118
LEFT:  105
RIGHT:  118
LEFT:  107
RIGHT:  118
LEFT:  107
RIGHT:  118
LEFT:  105
RIGHT:  118
LEFT:  105
RIGHT:  118
LEFT:  105
RIGHT:  118
LEFT:  105
RIGHT:  118
LEFT:  103
RIGHT:  115
LEFT:  103
RIGHT:  115
LEFT:  103
RIGHT:  115
LEFT:  102
RIGHT:  113
LEFT:  102
RIGHT:  113
LEFT:  102
RIGHT:  113
LEFT:  102
RIGHT:  113
LEFT:  102
RIGHT:  113
LEFT:  102
RIGHT:  113
LEFT:  103
RIGHT:  113
LEFT:  103
RIGHT:  113
LEFT:  103
RIGHT:  113
LEFT:  102
RIGHT:  113
LEFT:  103
RIGHT:  113
LEFT:  103
RIGHT:  113
LEFT:  102
RIGHT:  113
LEFT:  102
RIGHT:  113
LEFT:  102
RIGHT:  113
LEFT:  102
RIGHT:  113
LEFT:  103
RIGHT:  113
LEFT:  102
RIGHT:  113
LEFT:  102
RIGHT:  113
LEFT:  103
RIGHT:  113
LEFT:  103
RIGHT:  113
LEFT:  103
RIGHT:  113
LEFT:  103
RIGHT:  113
LEFT:  103
RIGHT:  113
LEFT:  103
RIGHT:  113
LEFT:  103
RIGHT:  113
LEFT:  103
RIGHT:  113
LEFT:  103
RIGHT:  113
LEFT:  103
RIGHT:  113
LEFT:  103
RIGHT:  113
LEFT:  102
RIGHT:  113
LEFT:  102
RIGHT:  113
LEFT:  102
RIGHT:  113
LEFT:  103
RIGHT:  113
LEFT:  103
RIGHT:  113
LEFT:  103
RIGHT:  113
LEFT:  103
RIGHT:  113
LEFT:  103
RIGHT:  113
LEFT:  103
RIGHT:  113
LEFT:  103
RIGHT:  113
LEFT:  103
RIGHT:  113
LEFT:  103
RIGHT:  113
LEFT:  103
RIGHT:  113
LEFT:  103
RIGHT:  113
LEFT:  103
RIGHT:  113
LEFT:  103
RIGHT:  113
LEFT:  103
RIGHT:  113
LEFT:  103
RIGHT:  113
LEFT:  103
RIGHT:  113
LEFT:  103
RIGHT:  113
LEFT:  103
RIGHT:  113
LEFT:  103
RIGHT:  113
LEFT:  103
RIGHT:  113
LEFT:  103
RIGHT:  113
LEFT:  103
RIGHT:  113
LEFT:  103
RIGHT:  113
LEFT:  101
RIGHT:  111
LEFT:  101
RIGHT:  111
LEFT:  101
RIGHT:  111
LEFT:  100
RIGHT:  109
LEFT:  100
RIGHT:  109
LEFT:  100
RIGHT:  109
LEFT:  98
RIGHT:  107
LEFT:  98
RIGHT:  107
LEFT:  98
RIGHT:  107
LEFT:  98
RIGHT:  107
LEFT:  90
RIGHT:  99
LEFT:  89
RIGHT:  97
LEFT:  87
RIGHT:  95
LEFT:  87
RIGHT:  95
LEFT:  87
RIGHT:  95
LEFT:  77
RIGHT:  85
LEFT:  77
RIGHT:  85
LEFT:  77
RIGHT:  85
LEFT:  77
RIGHT:  85
LEFT:  77
RIGHT:  85
LEFT:  77
RIGHT:  85
LEFT:  77
RIGHT:  85
LEFT:  77
RIGHT:  85
LEFT:  77
RIGHT:  85
LEFT:  77
RIGHT:  85
LEFT:  77
RIGHT:  85
LEFT:  77
RIGHT:  85
LEFT:  77
RIGHT:  85
LEFT:  77
RIGHT:  85
LEFT:  77
RIGHT:  85
LEFT:  77
RIGHT:  85
LEFT:  77
RIGHT:  85
LEFT:  77
RIGHT:  85
LEFT:  77
RIGHT:  85
LEFT:  77
RIGHT:  85
LEFT:  77
RIGHT:  85
LEFT:  77
RIGHT:  85
LEFT:  77
RIGHT:  85
LEFT:  77
RIGHT:  85
LEFT:  77
RIGHT:  85
LEFT:  77
RIGHT:  85
LEFT:  77
RIGHT:  85
LEFT:  79
RIGHT:  87
LEFT:  79
RIGHT:  87
LEFT:  79
RIGHT:  87
LEFT:  79
RIGHT:  87
LEFT:  79
RIGHT:  87
LEFT:  79
RIGHT:  87
LEFT:  79
RIGHT:  87
LEFT:  81
RIGHT:  89
LEFT:  81
RIGHT:  89
LEFT:  81
RIGHT:  89
LEFT:  83
RIGHT:  91
LEFT:  83
RIGHT:  91
LEFT:  83
RIGHT:  91
LEFT:  83
RIGHT:  91
LEFT:  83
RIGHT:  91
LEFT:  83
RIGHT:  91
LEFT:  83
RIGHT:  91
LEFT:  83
RIGHT:  91
LEFT:  83
RIGHT:  91
LEFT:  83
RIGHT:  91
LEFT:  84
RIGHT:  91
LEFT:  84
RIGHT:  91
LEFT:  84
RIGHT:  91
LEFT:  83
RIGHT:  91
LEFT:  83
RIGHT:  91
LEFT:  83
RIGHT:  91
LEFT:  83
RIGHT:  91
LEFT:  84
RIGHT:  91
LEFT:  84
RIGHT:  91
LEFT:  84
RIGHT:  91
LEFT:  83
RIGHT:  91
LEFT:  83
RIGHT:  91
LEFT:  83
RIGHT:  91
LEFT:  83
RIGHT:  91
LEFT:  84
RIGHT:  91
LEFT:  83
RIGHT:  91
LEFT:  84
RIGHT:  91
LEFT:  84
RIGHT:  91
LEFT:  84
RIGHT:  91
LEFT:  86
RIGHT:  93
LEFT:  86
RIGHT:  93
LEFT:  86
RIGHT:  93
LEFT:  86
RIGHT:  93
LEFT:  86
RIGHT:  93
LEFT:  86
RIGHT:  93
LEFT:  85
RIGHT:  93
LEFT:  86
RIGHT:  93
LEFT:  86
RIGHT:  93
LEFT:  86
RIGHT:  93
LEFT:  85
RIGHT:  93
LEFT:  85
RIGHT:  93
LEFT:  85
RIGHT:  93
LEFT:  85
RIGHT:  93
LEFT:  85
RIGHT:  93
LEFT:  85
RIGHT:  93
LEFT:  86
RIGHT:  93
LEFT:  86
RIGHT:  93
LEFT:  86
RIGHT:  93
LEFT:  86
RIGHT:  93
LEFT:  85
RIGHT:  93
LEFT:  86
RIGHT:  93
LEFT:  86
RIGHT:  93
LEFT:  86
RIGHT:  93
LEFT:  86
RIGHT:  93
LEFT:  86
RIGHT:  93
LEFT:  86
RIGHT:  93
LEFT:  86
RIGHT:  93
LEFT:  86
RIGHT:  93
LEFT:  86
RIGHT:  93
LEFT:  86
RIGHT:  93
LEFT:  85
RIGHT:  93
LEFT:  85
RIGHT:  93
LEFT:  85
RIGHT:  93
LEFT:  85
RIGHT:  93
LEFT:  86
RIGHT:  93
LEFT:  86
RIGHT:  93
LEFT:  86
RIGHT:  93
LEFT:  86
RIGHT:  93
LEFT:  86
RIGHT:  93
LEFT:  86
RIGHT:  93
LEFT:  85
RIGHT:  93
LEFT:  85
RIGHT:  93
LEFT:  85
RIGHT:  93
LEFT:  86
RIGHT:  93
LEFT:  85
RIGHT:  93
LEFT:  85
RIGHT:  93
LEFT:  86
RIGHT:  93
LEFT:  86
RIGHT:  93
LEFT:  86
RIGHT:  93
LEFT:  86
RIGHT:  93
LEFT:  85
RIGHT:  93
LEFT:  85
RIGHT:  93
LEFT:  85
RIGHT:  93
LEFT:  86
RIGHT:  93
LEFT:  86
RIGHT:  93
LEFT:  86
RIGHT:  93
LEFT:  86
RIGHT:  93
LEFT:  86
RIGHT:  93
LEFT:  86
RIGHT:  93
LEFT:  86
RIGHT:  93
LEFT:  86
RIGHT:  93
LEFT:  86
RIGHT:  93
LEFT:  86
RIGHT:  93
LEFT:  86
RIGHT:  93
LEFT:  86
RIGHT:  93
Traceback (most recent call last):
  File "main.py", line 40, in <module>
    myMotorRT.run(Adafruit_MotorHAT.FORWARD)
  File "/usr/local/lib/python3.5/dist-packages/Adafruit_MotorHAT/Adafruit_MotorHAT_Motors.py", line 200, in run
    self.MC.setPin(self.IN2pin, 0)
  File "/usr/local/lib/python3.5/dist-packages/Adafruit_MotorHAT/Adafruit_MotorHAT_Motors.py", line 240, in setPin
    self._pwm.setPWM(pin, 0, 4096)
  File "/usr/local/lib/python3.5/dist-packages/Adafruit_MotorHAT/Adafruit_PWM_Servo_Driver.py", line 89, in setPWM
    self.i2c.write8(self.__LED0_ON_H+4*channel, on >> 8)
  File "/usr/local/lib/python3.5/dist-packages/Adafruit_GPIO/I2C.py", line 114, in write8
    self._bus.write_byte_data(self._address, register, value)
  File "/usr/local/lib/python3.5/dist-packages/Adafruit_PureIO/smbus.py", line 238, in write_byte_data
    self._device.write(data)
OSError: [Errno 5] Input/output error
